0 info it worked if it ends with ok
1 verbose cli [ 'E:\\Program Files\\nodejs\\\\node.exe',
1 verbose cli   'E:\\Program Files\\nodejs\\node_modules\\npm\\bin\\npm-cli.js',
1 verbose cli   'install',
1 verbose cli   'engine.io' ]
2 info using npm@1.3.24
3 info using node@v0.10.25
4 verbose node symlink E:\Program Files\nodejs\\node.exe
5 warn package.json draft@0.1.0 No repository field.
6 verbose readDependencies using package.json deps
7 verbose cache add [ 'engine.io@git://github.com/aeosynth/engine.io.git#squid',
7 verbose cache add   null ]
8 verbose cache add name=undefined spec="engine.io@git://github.com/aeosynth/engine.io.git#squid" args=["engine.io@git://github.com/aeosynth/engine.io.git#squid",null]
9 verbose parsed url { protocol: null,
9 verbose parsed url   slashes: null,
9 verbose parsed url   auth: null,
9 verbose parsed url   host: null,
9 verbose parsed url   port: null,
9 verbose parsed url   hostname: null,
9 verbose parsed url   hash: '#squid',
9 verbose parsed url   search: null,
9 verbose parsed url   query: null,
9 verbose parsed url   pathname: 'engine.io@git://github.com/aeosynth/engine.io.git',
9 verbose parsed url   path: 'engine.io@git://github.com/aeosynth/engine.io.git',
9 verbose parsed url   href: 'engine.io@git://github.com/aeosynth/engine.io.git#squid' }
10 verbose cache add name="engine.io" spec="git://github.com/aeosynth/engine.io.git#squid" args=["engine.io","git://github.com/aeosynth/engine.io.git#squid"]
11 verbose parsed url { protocol: 'git:',
11 verbose parsed url   slashes: true,
11 verbose parsed url   auth: null,
11 verbose parsed url   host: 'github.com',
11 verbose parsed url   port: null,
11 verbose parsed url   hostname: 'github.com',
11 verbose parsed url   hash: '#squid',
11 verbose parsed url   search: null,
11 verbose parsed url   query: null,
11 verbose parsed url   pathname: '/aeosynth/engine.io.git',
11 verbose parsed url   path: '/aeosynth/engine.io.git',
11 verbose parsed url   href: 'git://github.com/aeosynth/engine.io.git#squid' }
12 silly lockFile 7c39ec40-com-aeosynth-engine-io-git-squid git://github.com/aeosynth/engine.io.git#squid
13 verbose lock git://github.com/aeosynth/engine.io.git#squid C:\Users\Admin.AdminPC\AppData\Roaming\npm-cache\7c39ec40-com-aeosynth-engine-io-git-squid.lock
14 verbose addRemoteGit [ 'git://github.com/aeosynth/engine.io.git', 'squid' ]
15 silly lockFile 02bd9540-ithub-com-aeosynth-engine-io-git git://github.com/aeosynth/engine.io.git
16 error not found: git
17 error Failed using git.
17 error This is most likely not a problem with npm itself.
17 error Please check if you have git installed and in your PATH.
18 error System Windows_NT 6.1.7601
19 error command "E:\\Program Files\\nodejs\\\\node.exe" "E:\\Program Files\\nodejs\\node_modules\\npm\\bin\\npm-cli.js" "install" "engine.io"
20 error cwd C:\Users\Admin.AdminPC\draft-master
21 error node -v v0.10.25
22 error npm -v 1.3.24
23 error code ENOGIT
24 verbose exit [ 1, true ]
